This is pdfTeX, Version 3.1415926-2.3-1.40.12 (TeX Live 2011) (format=latex 2011.7.3)  24 JUN 2013 15:19
entering extended mode
 restricted \write18 enabled.
 %&-line parsing enabled.
**msV0.tex
(./msV0.tex
LaTeX2e <2009/09/24>
Babel <v3.8l> and hyphenation patterns for english, dumylang, nohyphenation, ge
rman-x-2009-06-19, ngerman-x-2009-06-19, afrikaans, ancientgreek, ibycus, arabi
c, armenian, basque, bulgarian, catalan, pinyin, coptic, croatian, czech, danis
h, dutch, ukenglish, usenglishmax, esperanto, estonian, ethiopic, farsi, finnis
h, french, galician, german, ngerman, swissgerman, monogreek, greek, hungarian,
 icelandic, assamese, bengali, gujarati, hindi, kannada, malayalam, marathi, or
iya, panjabi, tamil, telugu, indonesian, interlingua, irish, italian, kurmanji,
 lao, latin, latvian, lithuanian, mongolian, mongolianlmc, bokmal, nynorsk, pol
ish, portuguese, romanian, russian, sanskrit, serbian, serbianc, slovak, sloven
ian, spanish, swedish, turkish, turkmen, ukrainian, uppersorbian, welsh, loaded
.
(./emulateapj.cls
Document Class: emulateapj 
\bibbaselineskip=\skip41
(/usr/local/texlive/2011/texmf-dist/tex/latex/revtex4/revtex4.cls
Document Class: revtex4 2001/08/02 v4.0 (http://publish.aps.org/revtex4/ for do
cumentation)
 Copyright (c) 2001 The American Physical Society.
 mailto:revtex@aps.org
 Licensed under the LPPL:
http://www.ctan.org/tex-archive/macros/latex/base/lppl.txt
 Arthur Ogawa <ogawa@teleport.com>
 Based on work by David Carlisle <david@dcarlisle.demon.co.uk>.
ltxutil: portions licensed from W. E. Baxter (web@superscript.com)
Class revtex4 Info: Repairing broken LateX \@sect on input line 596.
\intertabularlinepenalty=\count79
\@tbpen=\count80
\@arstrutbox@hline=\box26
Class revtex4 Info: Repairing broken LaTeX \@xbitor on input line 1610.
ltxgrid: portions licensed from W. E. Baxter (web@superscript.com)
\c@linecount=\count81
\output=\toks14
\@protection@box=\box27
\@topmark@saved=\toks15
\footins@saved=\box28
\pagesofar=\box29
\footbox=\box30
\pagegrid@col=\count82
Class revtex4 Info: Incorporating package {textcase}  [1998/11/12 v0.06 Text on
ly upper/lower case changing (DPC)]. on input line 3682.
(/usr/local/texlive/2011/texmf-dist/tex/latex/url/url.sty
\Urlmuskip=\muskip10
Package: url 2006/04/12  ver 3.3  Verb mode for urls, etc.
)
\c@affil=\count83
\absbox=\box31
\c@part=\count84
\c@section=\count85
\c@subsection=\count86
\c@subsubsection=\count87
\c@paragraph=\count88
\c@subparagraph=\count89
\abovecaptionskip=\skip42
\belowcaptionskip=\skip43
\c@figure=\count90
\c@table=\count91

(//Users/yanjunzhou/Documents/tex/aastex52/natbib.sty
Package: natbib 2003/06/06 7.1 (PWD)
\bibhang=\skip44
\bibsep=\skip45
LaTeX Info: Redefining \cite on input line 518.
\c@NAT@ctr=\count92
)
\widetext@top=\box32
\widetext@bot=\box33

(/usr/local/texlive/2011/texmf-dist/tex/latex/revtex4/revsymb.sty
Package: revsymb 2001/08/02 v4.0 (http://publish.aps.org/revtex4/ for documenta
tion)
LaTeX Info: Redefining \REV@mathfrak on input line 118.
))

Class revtex4 Warning: No Society specified, using generic APS style.

(/usr/local/texlive/2011/texmf-dist/tex/latex/revtex4/aps.rtx
File: aps.rtx 2001/08/02 v4.0 (http://publish.aps.org/revtex4/ for documentatio
n)
)
(/usr/local/texlive/2011/texmf-dist/tex/latex/revtex4/10pt.rtx
File: 10pt.rtx 2001/08/02 v4.0 (http://publish.aps.org/revtex4/ for documentati
on)
)
(/usr/local/texlive/2011/texmf-dist/tex/latex/base/latexsym.sty
Package: latexsym 1998/08/17 v2.2e Standard LaTeX package (lasy symbols)
\symlasy=\mathgroup4
LaTeX Font Info:    Overwriting symbol font `lasy' in version `bold'
(Font)                  U/lasy/m/n --> U/lasy/b/n on input line 47.
)
(/usr/local/texlive/2011/texmf-dist/tex/latex/graphics/graphicx.sty
Package: graphicx 1999/02/16 v1.0f Enhanced LaTeX Graphics (DPC,SPQR)

(/usr/local/texlive/2011/texmf-dist/tex/latex/graphics/keyval.sty
Package: keyval 1999/03/16 v1.13 key=value parser (DPC)
\KV@toks@=\toks16
)
(/usr/local/texlive/2011/texmf-dist/tex/latex/graphics/graphics.sty
Package: graphics 2009/02/05 v1.0o Standard LaTeX Graphics (DPC,SPQR)

(/usr/local/texlive/2011/texmf-dist/tex/latex/graphics/trig.sty
Package: trig 1999/03/16 v1.09 sin cos tan (DPC)
)
(/usr/local/texlive/2011/texmf-dist/tex/latex/latexconfig/graphics.cfg
File: graphics.cfg 2010/04/23 v1.9 graphics configuration of TeX Live
)
Package graphics Info: Driver file: dvips.def on input line 91.

(/usr/local/texlive/2011/texmf-dist/tex/latex/graphics/dvips.def
File: dvips.def 1999/02/16 v3.0i Driver-dependant file (DPC,SPQR)
))
\Gin@req@height=\dimen102
\Gin@req@width=\dimen103
)
(/usr/local/texlive/2011/texmf-dist/tex/latex/amsfonts/amssymb.sty
Package: amssymb 2009/06/22 v3.00

(/usr/local/texlive/2011/texmf-dist/tex/latex/amsfonts/amsfonts.sty
Package: amsfonts 2009/06/22 v3.00 Basic AMSFonts support
\@emptytoks=\toks17
\symAMSa=\mathgroup5
\symAMSb=\mathgroup6
LaTeX Font Info:    Overwriting math alphabet `\mathfrak' in version `bold'
(Font)                  U/euf/m/n --> U/euf/b/n on input line 96.
LaTeX Info: Redefining \frak on input line 99.
LaTeX Info: Redefining \Bbb on input line 101.
))
(/usr/local/texlive/2011/texmf-dist/tex/latex/tools/longtable.sty
Package: longtable 2004/02/01 v4.11 Multi-page Table package (DPC)
\LTleft=\skip46
\LTright=\skip47
\LTpre=\skip48
\LTpost=\skip49
\LTchunksize=\count93
\LTcapwidth=\dimen104
\LT@head=\box34
\LT@firsthead=\box35
\LT@foot=\box36
\LT@lastfoot=\box37
\LT@cols=\count94
\LT@rows=\count95
\c@LT@tables=\count96
\c@LT@chunks=\count97
\LT@p@ftn=\toks18
)
(/usr/local/texlive/2011/texmf-dist/tex/generic/epsf/epsf.sty
This is `epsf.tex' v2.7.4 <14 February 2011>
\epsffilein=\read1
\epsfframemargin=\dimen105
\epsfframethickness=\dimen106
\epsfrsize=\dimen107
\epsftmp=\dimen108
\epsftsize=\dimen109
\epsfxsize=\dimen110
\epsfysize=\dimen111
\pspoints=\dimen112
)
\c@front@matter@foot@note=\count98
\alt@affil@toks=\toks19
\alt@affil@toks@count=\toks20
\keys@width=\skip50
\c@lastfootnote=\count99
\c@remember@figure@num=\count100
\c@remember@table@num=\count101
\bibindent=\dimen113
\plot@width=\skip51
\c@table@save=\count102
\table@note@skip=\skip52
\deluxe@table@width=\skip53
\@d@t@a=\skip54
\c@deluxe@table@num=\count103
\abovedeluxetableskip=\skip55
\belowdeluxetableskip=\skip56
\lastrowheight=\dimen114
\DT@p@ftn=\toks21
\pt@column=\count104
\pt@ncol=\count105
) (/usr/local/texlive/2011/texmf-dist/tex/latex/amsmath/amsmath.sty
Package: amsmath 2000/07/18 v2.13 AMS math features
\@mathmargin=\skip57

For additional information on amsmath, use the `?' option.
(/usr/local/texlive/2011/texmf-dist/tex/latex/amsmath/amstext.sty
Package: amstext 2000/06/29 v2.01

(/usr/local/texlive/2011/texmf-dist/tex/latex/amsmath/amsgen.sty
File: amsgen.sty 1999/11/30 v2.0
\@emptytoks=\toks22
\ex@=\dimen115
))
(/usr/local/texlive/2011/texmf-dist/tex/latex/amsmath/amsbsy.sty
Package: amsbsy 1999/11/29 v1.2d
\pmbraise@=\dimen116
)
(/usr/local/texlive/2011/texmf-dist/tex/latex/amsmath/amsopn.sty
Package: amsopn 1999/12/14 v2.01 operator names
)
\inf@bad=\count106
LaTeX Info: Redefining \frac on input line 211.
\uproot@=\count107
\leftroot@=\count108
LaTeX Info: Redefining \overline on input line 307.
\classnum@=\count109
\DOTSCASE@=\count110
LaTeX Info: Redefining \ldots on input line 379.
LaTeX Info: Redefining \dots on input line 382.
LaTeX Info: Redefining \cdots on input line 467.
\Mathstrutbox@=\box38
\strutbox@=\box39
\big@size=\dimen117
LaTeX Font Info:    Redeclaring font encoding OML on input line 567.
LaTeX Font Info:    Redeclaring font encoding OMS on input line 568.
\macc@depth=\count111
\c@MaxMatrixCols=\count112
\dotsspace@=\muskip11
\c@parentequation=\count113
\dspbrk@lvl=\count114
\tag@help=\toks23
\row@=\count115
\column@=\count116
\maxfields@=\count117
\andhelp@=\toks24
\eqnshift@=\dimen118
\alignsep@=\dimen119
\tagshift@=\dimen120
\tagwidth@=\dimen121
\totwidth@=\dimen122
\lineht@=\dimen123
\@envbody=\toks25
\multlinegap=\skip58
\multlinetaggap=\skip59
\mathdisplay@stack=\toks26
LaTeX Info: Redefining \[ on input line 2666.
LaTeX Info: Redefining \] on input line 2667.
)
(/usr/local/texlive/2011/texmf-dist/tex/latex/tools/xspace.sty
Package: xspace 2006/05/08 v1.12 Space after command names (DPC,MH)
)
(/usr/local/texlive/2011/texmf-dist/tex/latex/lineno/lineno.sty
Package: lineno 2005/11/02 line numbers on paragraphs v4.41
\linenopenalty=\count118
\output=\toks27
\linenoprevgraf=\count119
\linenumbersep=\dimen124
\linenumberwidth=\dimen125
\c@linenumber=\count120
\c@pagewiselinenumber=\count121
\c@LN@truepage=\count122
\c@internallinenumber=\count123
\c@internallinenumbers=\count124
\quotelinenumbersep=\dimen126
\bframerule=\dimen127
\bframesep=\dimen128
\bframebox=\box40
LaTeX Info: Redefining \\ on input line 3056.
) (./msV0.aux)
\openout1 = `msV0.aux'.

LaTeX Font Info:    Checking defaults for OML/cmm/m/it on input line 17.
LaTeX Font Info:    ... okay on input line 17.
LaTeX Font Info:    Checking defaults for T1/cmr/m/n on input line 17.
LaTeX Font Info:    ... okay on input line 17.
LaTeX Font Info:    Checking defaults for OT1/cmr/m/n on input line 17.
LaTeX Font Info:    ... okay on input line 17.
LaTeX Font Info:    Checking defaults for OMS/cmsy/m/n on input line 17.
LaTeX Font Info:    ... okay on input line 17.
LaTeX Font Info:    Checking defaults for OMX/cmex/m/n on input line 17.
LaTeX Font Info:    ... okay on input line 17.
LaTeX Font Info:    Checking defaults for U/cmr/m/n on input line 17.
LaTeX Font Info:    ... okay on input line 17.
Class revtex4 Info: Patching LaTeX tabular. on input line 17.
Class revtex4 Info: Patching unrecognized longtable package. (Proceeding with f
ingers crossed) on input line 17.
Class revtex4 Info: cite was not loaded (OK!) on input line 17.
Class revtex4 Info: multicol was not loaded (OK!) on input line 17.


Class revtex4 Warning: Assuming \noaffiliation for First Author\textsuperscript
 {1} and Second Author\textsuperscript {2}.

[1]
LaTeX Font Info:    Try loading font information for U+lasy on input line 34.
 (/usr/local/texlive/2011/texmf-dist/tex/latex/base/ulasy.fd
File: ulasy.fd 1998/08/17 v2.2e LaTeX symbol font definitions
)
LaTeX Font Info:    Try loading font information for U+msa on input line 34.

(/usr/local/texlive/2011/texmf-dist/tex/latex/amsfonts/umsa.fd
File: umsa.fd 2009/06/22 v3.00 AMS symbols A
)
LaTeX Font Info:    Try loading font information for U+msb on input line 34.

(/usr/local/texlive/2011/texmf-dist/tex/latex/amsfonts/umsb.fd
File: umsb.fd 2009/06/22 v3.00 AMS symbols B
) [2] [3]
[4] [5] [6] [7] [8] (./msV0.aux) ) 
Here is how much of TeX's memory you used:
 3579 strings out of 493634
 43791 string characters out of 3143401
 103670 words of memory out of 3000000
 6853 multiletter control sequences out of 15000+200000
 11707 words of font info for 48 fonts, out of 3000000 for 9000
 831 hyphenation exceptions out of 8191
 35i,6n,28p,219b,259s stack positions out of 5000i,500n,10000p,200000b,50000s

Output written on msV0.dvi (8 pages, 1908 bytes).
